{"logLevel":"debug","message":"multithreading is set to false"}
{"logLevel":"debug","message":"Using reflection to scan dependencies for gauge implementations..."}
{"logLevel":"debug","message":"gauge-java took 3468milliseconds to load and scan. This should be less than 'runner_connection_timeout' config value."}
{"logLevel":"debug","message":"run 'gauge config runner_connection_timeout' and verify that it is < 3468"}
{"logLevel":"debug","message":"starting gRPC server..."}
{"logLevel":"debug","message":"started gRPC server on port 64478"}
{"logLevel":"info","message":"Listening on port:64478"}
{"logLevel":"debug","message":"Scanning packages for steps"}
{"logLevel":"debug","message":"Comparing 'StepImplementation.clickMyAccount' and 'StepImplementation.clickMyAccount'"}
{"logLevel":"debug","message":"Found Click Login in current project scope."}
{"logLevel":"debug","message":"Comparing 'StepImplementation.gotoAkbank' and 'StepImplementation.gotoAkbank'"}
{"logLevel":"debug","message":"Found Enter Hepsiburada Home Page; in current project scope."}
{"logLevel":"debug","message":"Scanning packages for hooks"}
{"logLevel":"debug","message":"Scanned steps (using static parsing + reflections): "}
{"logLevel":"debug","message":"\tEnter Hepsiburada Home Page; : public void gotoAkbank()"}
{"logLevel":"debug","message":"\tClick Login : public void clickMyAccount()"}
Starting ChromeDriver 90.0.4430.24 (4c6d850f087da467d926e8eddb76550aed655991-refs/branch-heads/4430@{#429}) on port 30200
Only local connections are allowed.
Please see https://chromedriver.chromium.org/security-considerations for suggestions on keeping ChromeDriver safe.
ChromeDriver was started successfully.
May 01, 2021 1:48:20 PM org.openqa.selenium.remote.ProtocolHandshake createSession
INFO: Detected dialect: W3C
{"logLevel":"debug","message":"Executing 'Enter Hepsiburada Home Page;' using 'class StepImplementation.gotoAkbank"}
{"logLevel":"debug","message":"Executing 'Click Login' using 'class StepImplementation.clickMyAccount"}
